[16:29:59] [main/INFO]: Environment: authHost='https://authserver.mojang.com', accountsHost='https://api.mojang.com', sessionHost='https://sessionserver.mojang.com', name='PROD'
[16:30:00] [main/WARN]: Ambiguity between arguments [teleport, destination] and [teleport, targets] with inputs: [Player, 0123, @e, dd12be42-52a9-4a91-a8a1-11c01849e498]
[16:30:00] [main/WARN]: Ambiguity between arguments [teleport, location] and [teleport, destination] with inputs: [0.1 -0.5 .9, 0 0 0]
[16:30:00] [main/WARN]: Ambiguity between arguments [teleport, location] and [teleport, targets] with inputs: [0.1 -0.5 .9, 0 0 0]
[16:30:00] [main/WARN]: Ambiguity between arguments [teleport, targets] and [teleport, destination] with inputs: [Player, 0123, dd12be42-52a9-4a91-a8a1-11c01849e498]
[16:30:00] [main/WARN]: Ambiguity between arguments [teleport, targets, location] and [teleport, targets, destination] with inputs: [0.1 -0.5 .9, 0 0 0]
[16:30:00] [main/INFO]: Reloading ResourceManager: Default
[16:30:00] [Worker-Main-14/INFO]: Loaded 7 recipes
[16:30:01] [Worker-Main-14/INFO]: Loaded 927 advancements
[16:30:04] [Server thread/INFO]: Starting minecraft server version 1.16.3
[16:30:04] [Server thread/INFO]: Loading properties
[16:30:04] [Server thread/INFO]: Default game type: SURVIVAL
[16:30:04] [Server thread/INFO]: Generating keypair
[16:30:04] [Server thread/INFO]: Starting Minecraft server on *:25565
[16:30:04] [Server thread/INFO]: Using epoll channel type
[16:30:04] [Server thread/WARN]: **** SERVER IS RUNNING IN OFFLINE/INSECURE MODE!
[16:30:04] [Server thread/WARN]: The server will make no attempt to authenticate usernames. Beware.
[16:30:04] [Server thread/WARN]: While this makes the game possible to play without internet access, it also opens up the ability for hackers to connect with any username they choose.
[16:30:04] [Server thread/WARN]: To change this, set "online-mode" to "true" in the server.properties file.
[16:30:04] [Server thread/INFO]: Preparing level "world"
[16:30:07] [Server thread/INFO]: Preparing start region for dimension minecraft:overworld
[16:30:07] [Worker-Main-12/INFO]: Preparing spawn area: 0%
[16:30:07] [Worker-Main-9/INFO]: Preparing spawn area: 0%
[16:30:08] [Worker-Main-18/INFO]: Preparing spawn area: 0%
[16:30:08] [Worker-Main-12/INFO]: Preparing spawn area: 2%
[16:30:09] [Worker-Main-13/INFO]: Preparing spawn area: 4%
[16:30:09] [Worker-Main-8/INFO]: Preparing spawn area: 7%
[16:30:10] [Worker-Main-13/INFO]: Preparing spawn area: 12%
[16:30:10] [Worker-Main-18/INFO]: Preparing spawn area: 13%
[16:30:11] [Worker-Main-10/INFO]: Preparing spawn area: 22%
[16:30:11] [Worker-Main-8/INFO]: Preparing spawn area: 26%
[16:30:12] [Worker-Main-8/INFO]: Preparing spawn area: 32%
[16:30:12] [Worker-Main-8/INFO]: Preparing spawn area: 36%
[16:30:13] [Worker-Main-9/INFO]: Preparing spawn area: 43%
[16:30:13] [Worker-Main-13/INFO]: Preparing spawn area: 48%
[16:30:14] [Worker-Main-8/INFO]: Preparing spawn area: 54%
[16:30:14] [Worker-Main-8/INFO]: Preparing spawn area: 58%
[16:30:15] [Worker-Main-8/INFO]: Preparing spawn area: 64%
[16:30:15] [Worker-Main-11/INFO]: Preparing spawn area: 70%
[16:30:16] [Worker-Main-13/INFO]: Preparing spawn area: 76%
[16:30:16] [Worker-Main-9/INFO]: Preparing spawn area: 82%
[16:30:17] [Worker-Main-12/INFO]: Preparing spawn area: 87%
[16:30:17] [Worker-Main-8/INFO]: Preparing spawn area: 94%
[16:30:18] [Server thread/INFO]: Time elapsed: 10882 ms
[16:30:18] [Server thread/INFO]: Done (13.749s)! For help, type "help"
[16:32:17] [Server thread/INFO]: Nikola[/24.135.203.84:37510] logged in with entity id 343 at (251.5, 77.0, -47.5)
[16:32:17] [Server thread/INFO]: Nikola joined the game
[16:36:11] [Server thread/INFO]: Nikola has made the advancement [Stone Age]
[16:36:52] [Server thread/INFO]: Nikola has made the advancement [Getting an Upgrade]
[16:40:27] [Server thread/INFO]: Set the time to 1000
[16:40:38] [Server thread/INFO]: Unknown or incomplete command, see below for error
[16:40:38] [Server thread/INFO]: /heal<--[HERE]
[16:40:49] [Server thread/INFO]: Unknown or incomplete command, see below for error
[16:40:49] [Server thread/INFO]: /op<--[HERE]
[16:41:30] [Server thread/INFO]: Gave 1 [Apple] to Nikola
[16:42:39] [Server thread/INFO]: Gave 1 [Apple] to Nikola
[16:43:13] [Server thread/INFO]: Set the time to 1000
[16:43:13] [Server thread/INFO]: Unknown or incomplete command, see below for error
[16:43:13] [Server thread/INFO]: a<--[HERE]
[16:43:15] [Server thread/INFO]: Unknown or incomplete command, see below for error
[16:43:15] [Server thread/INFO]: asdasda<--[HERE]
[16:43:17] [Server thread/INFO]: Set the time to 1000
[16:45:19] [Server thread/INFO]: Xx_Yurio_xX[/86.139.14.192:63702] logged in with entity id 1786 at (250.5, 79.0, -46.5)
[16:45:19] [Server thread/INFO]: Xx_Yurio_xX joined the game
[16:45:53] [Server thread/INFO]: Xx_Yurio_xX lost connection: Timed out
[16:45:53] [Server thread/INFO]: Xx_Yurio_xX left the game
[16:45:59] [Server thread/INFO]: Xx_Yurio_xX[/86.139.14.192:63756] logged in with entity id 1853 at (250.5, 79.0, -46.5)
[16:45:59] [Server thread/INFO]: Xx_Yurio_xX joined the game
[16:46:44] [Server thread/INFO]: Xx_Yurio_xX lost connection: Timed out
[16:46:44] [Server thread/INFO]: Xx_Yurio_xX left the game
[16:47:08] [Server thread/INFO]: Xx_Yurio_xX[/86.139.14.192:63976] logged in with entity id 1995 at (250.5, 79.0, -46.5)
[16:47:08] [Server thread/INFO]: Xx_Yurio_xX joined the game
[16:47:40] [Server thread/INFO]: Xx_Yurio_xX lost connection: Timed out
[16:47:40] [Server thread/INFO]: Xx_Yurio_xX left the game
[16:48:02] [Server thread/INFO]: Nikola has made the advancement [Monster Hunter]
[16:48:10] [Server thread/INFO]: Xx_Yurio_xX[/86.139.14.192:64186] logged in with entity id 2104 at (250.5, 79.0, -46.5)
[16:48:10] [Server thread/INFO]: Xx_Yurio_xX joined the game
[16:48:54] [Server thread/INFO]: <Xx_Yurio_xX> where u at
[16:49:12] [Server thread/INFO]: <Nikola> at spawn
[16:49:50] [Server thread/INFO]: <Xx_Yurio_xX> getting wood and sheep
[16:52:05] [Server thread/INFO]: Xx_Yurio_xX has made the advancement [Stone Age]
[16:53:19] [Server thread/INFO]: <Nikola> lol where are you now
[16:53:24] [Server thread/INFO]: <Nikola> i dont see you
[16:54:05] [Server thread/INFO]: <Xx_Yurio_xX> disappeared
[16:54:47] [Server thread/INFO]: <Nikola> how much wool do you have
[16:55:02] [Server thread/INFO]: <Xx_Yurio_xX> 2
[16:55:27] [Server thread/INFO]: <Nikola> i have 2
[16:55:32] [Server thread/INFO]: <Nikola> but i see more sheep
[16:55:43] [Server thread/INFO]: <Xx_Yurio_xX> lol where are u
[16:56:30] [Server thread/INFO]: <Nikola> on the planes
[16:57:31] [Server thread/INFO]: <Xx_Yurio_xX> lol
[16:58:09] [Server thread/INFO]: <Xx_Yurio_xX> can u not
[16:58:15] [Server thread/INFO]: <Nikola> lol why
[16:58:30] [Server thread/INFO]: <Xx_Yurio_xX> my house my rules
[16:58:34] [Server thread/INFO]: <Nikola> lol right
[16:58:46] [Server thread/INFO]: <Nikola> where is the wool
[16:59:21] [Server thread/INFO]: <Xx_Yurio_xX> piss off
[16:59:25] [Server thread/INFO]: <Nikola> what
[16:59:39] [Server thread/INFO]: <Xx_Yurio_xX> leave
[16:59:44] [Server thread/INFO]: <Nikola> really
[16:59:50] [Server thread/INFO]: <Xx_Yurio_xX> yes
[17:00:29] [Server thread/INFO]: Nikola has made the advancement [Sweet Dreams]
[17:00:31] [Server thread/INFO]: <Nikola> sleep
[17:00:45] [Server thread/INFO]: Xx_Yurio_xX has made the advancement [Sweet Dreams]
[17:02:10] [Server thread/INFO]: Xx_Yurio_xX has made the advancement [Getting an Upgrade]
[17:08:05] [Server thread/INFO]: Nikola has made the advancement [Acquire Hardware]
[17:08:31] [Server thread/INFO]: Nikola has made the advancement [Isn't It Iron Pick]
[17:11:45] [Server thread/INFO]: <Nikola> sleep
[17:15:57] [Server thread/INFO]: <Nikola> ill be right back
[17:16:12] [Server thread/INFO]: <Xx_Yurio_xX> ok
[17:16:19] [Server thread/INFO]: Nikola lost connection: Disconnected
[17:16:19] [Server thread/INFO]: Nikola left the game
[17:27:48] [Server thread/INFO]: Nikola[/24.135.203.84:37764] logged in with entity id 8025 at (309.44084172193254, 42.0, -59.12748834860883)
[17:27:48] [Server thread/INFO]: Nikola joined the game
[17:28:01] [Server thread/INFO]: <Nikola> hey
[17:28:03] [Server thread/INFO]: <Nikola> im bacj
[17:30:23] [Server thread/INFO]: <Nikola> sleep
[17:30:32] [Server thread/INFO]: You whisper to Nikola: sd
[17:30:37] [Server thread/INFO]: You whisper to Nikola: lsr
[17:30:44] [Server thread/INFO]: Made Nikola a server operator
[17:30:48] [Server thread/INFO]: Made Nikola no longer a server operator
[17:31:01] [Server thread/INFO]: <Xx_Yurio_xX> hey
[17:31:10] [Server thread/INFO]: <Nikola> hello
[17:31:21] [Server thread/INFO]: <Xx_Yurio_xX> doint two things at once
[17:31:37] [Server thread/INFO]: Nikola has made the advancement [Suit Up]
[17:32:31] [Server thread/INFO]: <Xx_Yurio_xX> do u have iron
[17:32:35] [Server thread/INFO]: <Nikola> yup
[17:32:42] [Server thread/INFO]: <Xx_Yurio_xX> come here nowww
[17:32:58] [Server thread/INFO]: <Nikola> lol i thought you didnt want me there
[17:33:13] [Server thread/INFO]: <Xx_Yurio_xX> get your but here nowww
[17:33:24] [Server thread/INFO]: <Nikola> tlol
[17:33:28] [Server thread/INFO]: <Nikola> love you too
[17:33:48] [Server thread/INFO]: <Xx_Yurio_xX> im making a house for us dummy
[17:34:23] [Server thread/INFO]: Nikola has made the advancement [Not Today, Thank You]
[17:37:37] [Server thread/INFO]: <Xx_Yurio_xX> fancy
[17:37:40] [Server thread/INFO]: <Nikola> hello
[17:37:52] [Server thread/INFO]: Xx_Yurio_xX has made the advancement [Acquire Hardware]
[17:37:54] [Server thread/INFO]: <Xx_Yurio_xX> helloooo
[17:38:14] [Server thread/INFO]: <Nikola> lol hellooooo
[17:38:21] [Server thread/INFO]: <Xx_Yurio_xX> shall i do the ceiling stone
[17:38:33] [Server thread/INFO]: <Nikola> wood might look better
[17:39:14] [Server thread/INFO]: Xx_Yurio_xX has made the advancement [Isn't It Iron Pick]
[17:39:33] [Server thread/INFO]: <Xx_Yurio_xX> welcome to the kitchen btw
[17:39:40] [Server thread/INFO]: <Nikola> oh cool
[17:40:01] [Server thread/INFO]: <Xx_Yurio_xX> and the living room yes
[17:40:10] [Server thread/INFO]: <Nikola> nice windows
[17:40:17] [Server thread/INFO]: <Xx_Yurio_xX> lol
[17:40:21] [Server thread/INFO]: <Nikola> ill go get some wood
[17:41:15] [Server thread/INFO]: <Xx_Yurio_xX> lol ok
[17:43:18] [Server thread/INFO]: <Nikola> lets go to sleep
[17:47:33] [Server thread/INFO]: <Xx_Yurio_xX> idk what im doung
[17:47:42] [Server thread/INFO]: <Nikola> lol its like a bar now
[17:47:50] [Server thread/INFO]: <Xx_Yurio_xX> literally
[17:50:37] [Server thread/INFO]: <Xx_Yurio_xX> looks like u are going to kill me
[17:50:53] [Server thread/INFO]: <Nikola> lol i would have already killed you if that was my pla
[17:50:58] [Server thread/INFO]: <Nikola> *plan
[17:55:59] [Server thread/INFO]: Xx_Yurio_xX lost connection: Disconnected
[17:55:59] [Server thread/INFO]: Xx_Yurio_xX left the game
[17:57:16] [Server thread/INFO]: Xx_Yurio_xX[/86.139.14.192:63745] logged in with entity id 12309 at (167.72875617767633, 63.0, -168.42563527629648)
[17:57:16] [Server thread/INFO]: Xx_Yurio_xX joined the game
[17:57:33] [Server thread/INFO]: Xx_Yurio_xX lost connection: Timed out
[17:57:33] [Server thread/INFO]: Xx_Yurio_xX left the game
[17:57:59] [Server thread/INFO]: Xx_Yurio_xX[/86.139.14.192:63828] logged in with entity id 12398 at (168.1672132830683, 63.0, -169.16057464742383)
[17:57:59] [Server thread/INFO]: Xx_Yurio_xX joined the game
[17:58:07] [Server thread/INFO]: <Nikola> whats going on
[17:58:33] [Server thread/INFO]: <Xx_Yurio_xX> keep on getting thrown out
[17:58:38] [Server thread/INFO]: <Nikola> is it ok now
[17:59:19] [Server thread/INFO]: <Xx_Yurio_xX> yh
[17:59:22] [Server thread/INFO]: <Nikola> cool
[18:02:00] [Server thread/INFO]: <Nikola> 5 creepers just attacked me
[18:02:05] [Server thread/INFO]: <Nikola> all at once
[18:02:16] [Server thread/INFO]: <Xx_Yurio_xX> lol
[18:02:24] [Server thread/INFO]: <Nikola> lol
[18:05:32] [Server thread/INFO]: <Xx_Yurio_xX> food
[18:05:40] [Server thread/INFO]: <Nikola> nice
[18:09:13] [Server thread/INFO]: Nikola fell from a high place
[18:11:37] [Server thread/INFO]: Xx_Yurio_xX lost connection: Disconnected
[18:11:37] [Server thread/INFO]: Xx_Yurio_xX left the game
[18:11:51] [Server thread/INFO]: Xx_Yurio_xX[/86.139.14.192:50425] logged in with entity id 14593 at (169.4861652628774, 63.0, -170.64605157472718)
[18:11:51] [Server thread/INFO]: Xx_Yurio_xX joined the game
[18:11:54] [Server thread/INFO]: Xx_Yurio_xX lost connection: You logged in from another location
[18:11:54] [Server thread/INFO]: Xx_Yurio_xX left the game
[18:11:54] [Server thread/INFO]: Xx_Yurio_xX[/86.139.14.192:50433] logged in with entity id 14594 at (169.4861652628774, 63.0, -170.64605157472718)
[18:11:54] [Server thread/INFO]: Xx_Yurio_xX joined the game
[18:14:20] [Server thread/INFO]: Xx_Yurio_xX lost connection: Disconnected
[18:14:20] [Server thread/INFO]: Xx_Yurio_xX left the game
[18:21:17] [Server thread/INFO]: Nikola lost connection: Disconnected
[18:21:17] [Server thread/INFO]: Nikola left the game
[18:33:51] [Server thread/INFO]: Unknown or incomplete command, see below for error
[18:33:51] [Server thread/INFO]: quit<--[HERE]
[18:33:53] [Server thread/INFO]: Unknown or incomplete command, see below for error
[18:33:53] [Server thread/INFO]: exit<--[HERE]
[18:33:55] [Server thread/INFO]: An entity is required to run this command here
[18:33:57] [Server thread/INFO]: Stopping server
[18:33:57] [Server thread/INFO]: Saving players
[18:33:57] [Server thread/INFO]: Saving worlds
[18:33:57] [Server thread/INFO]: Saving chunks for level 'ServerLevel[world]'/minecraft:overworld
[18:33:59] [Server thread/INFO]: ThreadedAnvilChunkStorage (world): All chunks are saved
[18:33:59] [Server thread/INFO]: Saving chunks for level 'ServerLevel[world]'/minecraft:the_nether
[18:33:59] [Server thread/INFO]: ThreadedAnvilChunkStorage (DIM-1): All chunks are saved
[18:33:59] [Server thread/INFO]: Saving chunks for level 'ServerLevel[world]'/minecraft:the_end
[18:33:59] [Server thread/INFO]: ThreadedAnvilChunkStorage (DIM1): All chunks are saved
[18:33:59] [Server thread/INFO]: ThreadedAnvilChunkStorage (world): All chunks are saved
[18:33:59] [Server thread/INFO]: ThreadedAnvilChunkStorage (DIM-1): All chunks are saved
[18:33:59] [Server thread/INFO]: ThreadedAnvilChunkStorage (DIM1): All chunks are saved
